{"C:\\Users\\Ellie\\Desktop\\Desafio DB\\src\\recintos-zoo.js": {"path":"C:\\Users\\Ellie\\Desktop\\Desafio DB\\src\\recintos-zoo.js","all":false,"statementMap":{"0":{"start":{"line":1,"column":0},"end":{"line":1,"column":19}},"1":{"start":{"line":2,"column":0},"end":{"line":2,"column":0}},"2":{"start":{"line":3,"column":0},"end":{"line":3,"column":41}},"3":{"start":{"line":4,"column":0},"end":{"line":4,"column":60}},"4":{"start":{"line":5,"column":0},"end":{"line":5,"column":5}},"5":{"start":{"line":6,"column":0},"end":{"line":6,"column":0}},"6":{"start":{"line":7,"column":0},"end":{"line":7,"column":1}},"7":{"start":{"line":8,"column":0},"end":{"line":8,"column":0}},"8":{"start":{"line":9,"column":0},"end":{"line":9,"column":25}},"9":{"start":{"line":10,"column":0},"end":{"line":10,"column":18}},"10":{"start":{"line":11,"column":0},"end":{"line":11,"column":112}},"11":{"start":{"line":12,"column":0},"end":{"line":12,"column":77}},"12":{"start":{"line":13,"column":0},"end":{"line":13,"column":117}},"13":{"start":{"line":14,"column":0},"end":{"line":14,"column":72}},"14":{"start":{"line":15,"column":0},"end":{"line":15,"column":108}},"15":{"start":{"line":16,"column":0},"end":{"line":16,"column":2}},"16":{"start":{"line":17,"column":0},"end":{"line":17,"column":0}},"17":{"start":{"line":18,"column":0},"end":{"line":18,"column":24}},"18":{"start":{"line":19,"column":0},"end":{"line":19,"column":27}},"19":{"start":{"line":20,"column":0},"end":{"line":20,"column":62}},"20":{"start":{"line":21,"column":0},"end":{"line":21,"column":66}},"21":{"start":{"line":22,"column":0},"end":{"line":22,"column":64}},"22":{"start":{"line":23,"column":0},"end":{"line":23,"column":77}},"23":{"start":{"line":24,"column":0},"end":{"line":24,"column":65}},"24":{"start":{"line":25,"column":0},"end":{"line":25,"column":75}},"25":{"start":{"line":26,"column":0},"end":{"line":26,"column":2}},"26":{"start":{"line":27,"column":0},"end":{"line":27,"column":0}},"27":{"start":{"line":28,"column":0},"end":{"line":28,"column":51}},"28":{"start":{"line":29,"column":0},"end":{"line":29,"column":56}},"29":{"start":{"line":30,"column":0},"end":{"line":30,"column":22}},"30":{"start":{"line":31,"column":0},"end":{"line":31,"column":38}},"31":{"start":{"line":32,"column":0},"end":{"line":32,"column":41}},"32":{"start":{"line":33,"column":0},"end":{"line":33,"column":5}},"33":{"start":{"line":34,"column":0},"end":{"line":34,"column":47}},"34":{"start":{"line":35,"column":0},"end":{"line":35,"column":45}},"35":{"start":{"line":36,"column":0},"end":{"line":36,"column":5}},"36":{"start":{"line":37,"column":0},"end":{"line":37,"column":0}},"37":{"start":{"line":38,"column":0},"end":{"line":38,"column":20}},"38":{"start":{"line":39,"column":0},"end":{"line":39,"column":27}},"39":{"start":{"line":40,"column":0},"end":{"line":40,"column":5}},"40":{"start":{"line":41,"column":0},"end":{"line":41,"column":0}},"41":{"start":{"line":42,"column":0},"end":{"line":42,"column":48}},"42":{"start":{"line":43,"column":0},"end":{"line":43,"column":60}},"43":{"start":{"line":44,"column":0},"end":{"line":44,"column":0}},"44":{"start":{"line":45,"column":0},"end":{"line":45,"column":59}},"45":{"start":{"line":46,"column":0},"end":{"line":46,"column":34}},"46":{"start":{"line":47,"column":0},"end":{"line":47,"column":77}},"47":{"start":{"line":48,"column":0},"end":{"line":48,"column":18}},"48":{"start":{"line":49,"column":0},"end":{"line":49,"column":9}},"49":{"start":{"line":50,"column":0},"end":{"line":50,"column":8}},"50":{"start":{"line":51,"column":0},"end":{"line":51,"column":33}},"51":{"start":{"line":52,"column":0},"end":{"line":52,"column":174}},"52":{"start":{"line":53,"column":0},"end":{"line":53,"column":0}},"53":{"start":{"line":54,"column":0},"end":{"line":54,"column":65}},"54":{"start":{"line":55,"column":0},"end":{"line":55,"column":123}},"55":{"start":{"line":56,"column":0},"end":{"line":56,"column":28}},"56":{"start":{"line":57,"column":0},"end":{"line":57,"column":9}},"57":{"start":{"line":58,"column":0},"end":{"line":58,"column":0}},"58":{"start":{"line":59,"column":0},"end":{"line":59,"column":53}},"59":{"start":{"line":60,"column":0},"end":{"line":60,"column":61}},"60":{"start":{"line":61,"column":0},"end":{"line":61,"column":19}},"61":{"start":{"line":62,"column":0},"end":{"line":62,"column":9}},"62":{"start":{"line":63,"column":0},"end":{"line":63,"column":0}},"63":{"start":{"line":64,"column":0},"end":{"line":64,"column":73}},"64":{"start":{"line":65,"column":0},"end":{"line":65,"column":105}},"65":{"start":{"line":66,"column":0},"end":{"line":66,"column":19}},"66":{"start":{"line":67,"column":0},"end":{"line":67,"column":9}},"67":{"start":{"line":68,"column":0},"end":{"line":68,"column":0}},"68":{"start":{"line":69,"column":0},"end":{"line":69,"column":68}},"69":{"start":{"line":70,"column":0},"end":{"line":70,"column":124}},"70":{"start":{"line":71,"column":0},"end":{"line":71,"column":18}},"71":{"start":{"line":72,"column":0},"end":{"line":72,"column":9}},"72":{"start":{"line":73,"column":0},"end":{"line":73,"column":0}},"73":{"start":{"line":74,"column":0},"end":{"line":74,"column":64}},"74":{"start":{"line":75,"column":0},"end":{"line":75,"column":112}},"75":{"start":{"line":76,"column":0},"end":{"line":76,"column":18}},"76":{"start":{"line":77,"column":0},"end":{"line":77,"column":9}},"77":{"start":{"line":78,"column":0},"end":{"line":78,"column":0}},"78":{"start":{"line":79,"column":0},"end":{"line":79,"column":44}},"79":{"start":{"line":80,"column":0},"end":{"line":80,"column":93}},"80":{"start":{"line":81,"column":0},"end":{"line":81,"column":18}},"81":{"start":{"line":82,"column":0},"end":{"line":82,"column":9}},"82":{"start":{"line":83,"column":0},"end":{"line":83,"column":0}},"83":{"start":{"line":84,"column":0},"end":{"line":84,"column":38}},"84":{"start":{"line":85,"column":0},"end":{"line":85,"column":164}},"85":{"start":{"line":86,"column":0},"end":{"line":86,"column":7}},"86":{"start":{"line":87,"column":0},"end":{"line":87,"column":0}},"87":{"start":{"line":88,"column":0},"end":{"line":88,"column":46}},"88":{"start":{"line":89,"column":0},"end":{"line":89,"column":46}},"89":{"start":{"line":90,"column":0},"end":{"line":90,"column":16}},"90":{"start":{"line":91,"column":0},"end":{"line":91,"column":41}},"91":{"start":{"line":92,"column":0},"end":{"line":92,"column":9}},"92":{"start":{"line":93,"column":0},"end":{"line":93,"column":5}},"93":{"start":{"line":94,"column":0},"end":{"line":94,"column":0}},"94":{"start":{"line":95,"column":0},"end":{"line":95,"column":20}},"95":{"start":{"line":96,"column":0},"end":{"line":96,"column":1}},"96":{"start":{"line":97,"column":0},"end":{"line":97,"column":0}},"97":{"start":{"line":98,"column":0},"end":{"line":98,"column":38}}},"s":{"0":1,"1":1,"2":1,"3":5,"4":5,"5":1,"6":1,"7":1,"8":1,"9":1,"10":1,"11":1,"12":1,"13":1,"14":1,"15":1,"16":1,"17":1,"18":1,"19":1,"20":1,"21":1,"22":1,"23":1,"24":1,"25":1,"26":1,"27":1,"28":5,"29":5,"30":5,"31":1,"32":1,"33":5,"34":1,"35":1,"36":3,"37":3,"38":3,"39":3,"40":3,"41":3,"42":3,"43":3,"44":3,"45":3,"46":15,"47":5,"48":5,"49":10,"50":10,"51":10,"52":10,"53":10,"54":15,"55":5,"56":5,"57":10,"58":10,"59":15,"60":4,"61":4,"62":6,"63":6,"64":15,"65":1,"66":1,"67":5,"68":5,"69":15,"70":1,"71":1,"72":4,"73":4,"74":15,"75":0,"76":0,"77":4,"78":4,"79":15,"80":0,"81":0,"82":4,"83":4,"84":4,"85":3,"86":3,"87":3,"88":5,"89":1,"90":1,"91":1,"92":1,"93":2,"94":2,"95":2,"96":1,"97":1},"branchMap":{"0":{"type":"branch","line":3,"loc":{"start":{"line":3,"column":4},"end":{"line":5,"column":5}},"locations":[{"start":{"line":3,"column":4},"end":{"line":5,"column":5}}]},"1":{"type":"branch","line":29,"loc":{"start":{"line":29,"column":0},"end":{"line":96,"column":1}},"locations":[{"start":{"line":29,"column":0},"end":{"line":96,"column":1}}]},"2":{"type":"branch","line":31,"loc":{"start":{"line":31,"column":37},"end":{"line":33,"column":5}},"locations":[{"start":{"line":31,"column":37},"end":{"line":33,"column":5}}]},"3":{"type":"branch","line":33,"loc":{"start":{"line":33,"column":4},"end":{"line":34,"column":44}},"locations":[{"start":{"line":33,"column":4},"end":{"line":34,"column":44}}]},"4":{"type":"branch","line":34,"loc":{"start":{"line":34,"column":46},"end":{"line":36,"column":5}},"locations":[{"start":{"line":34,"column":46},"end":{"line":36,"column":5}}]},"5":{"type":"branch","line":36,"loc":{"start":{"line":36,"column":4},"end":{"line":89,"column":45}},"locations":[{"start":{"line":36,"column":4},"end":{"line":89,"column":45}}]},"6":{"type":"branch","line":89,"loc":{"start":{"line":89,"column":45},"end":{"line":93,"column":5}},"locations":[{"start":{"line":89,"column":45},"end":{"line":93,"column":5}}]},"7":{"type":"branch","line":93,"loc":{"start":{"line":93,"column":4},"end":{"line":96,"column":1}},"locations":[{"start":{"line":93,"column":4},"end":{"line":96,"column":1}}]},"8":{"type":"branch","line":46,"loc":{"start":{"line":46,"column":22},"end":{"line":86,"column":5}},"locations":[{"start":{"line":46,"column":22},"end":{"line":86,"column":5}}]},"9":{"type":"branch","line":47,"loc":{"start":{"line":47,"column":76},"end":{"line":49,"column":9}},"locations":[{"start":{"line":47,"column":76},"end":{"line":49,"column":9}}]},"10":{"type":"branch","line":49,"loc":{"start":{"line":49,"column":8},"end":{"line":55,"column":53}},"locations":[{"start":{"line":49,"column":8},"end":{"line":55,"column":53}}]},"11":{"type":"branch","line":55,"loc":{"start":{"line":55,"column":49},"end":{"line":55,"column":120}},"locations":[{"start":{"line":55,"column":49},"end":{"line":55,"column":120}}]},"12":{"type":"branch","line":55,"loc":{"start":{"line":55,"column":122},"end":{"line":57,"column":9}},"locations":[{"start":{"line":55,"column":122},"end":{"line":57,"column":9}}]},"13":{"type":"branch","line":57,"loc":{"start":{"line":57,"column":8},"end":{"line":60,"column":60}},"locations":[{"start":{"line":57,"column":8},"end":{"line":60,"column":60}}]},"14":{"type":"branch","line":60,"loc":{"start":{"line":60,"column":60},"end":{"line":62,"column":9}},"locations":[{"start":{"line":60,"column":60},"end":{"line":62,"column":9}}]},"15":{"type":"branch","line":62,"loc":{"start":{"line":62,"column":8},"end":{"line":65,"column":36}},"locations":[{"start":{"line":62,"column":8},"end":{"line":65,"column":36}}]},"16":{"type":"branch","line":65,"loc":{"start":{"line":65,"column":32},"end":{"line":65,"column":103}},"locations":[{"start":{"line":65,"column":32},"end":{"line":65,"column":103}}]},"17":{"type":"branch","line":65,"loc":{"start":{"line":65,"column":104},"end":{"line":67,"column":9}},"locations":[{"start":{"line":65,"column":104},"end":{"line":67,"column":9}}]},"18":{"type":"branch","line":67,"loc":{"start":{"line":67,"column":8},"end":{"line":70,"column":37}},"locations":[{"start":{"line":67,"column":8},"end":{"line":70,"column":37}}]},"19":{"type":"branch","line":70,"loc":{"start":{"line":70,"column":33},"end":{"line":70,"column":122}},"locations":[{"start":{"line":70,"column":33},"end":{"line":70,"column":122}}]},"20":{"type":"branch","line":70,"loc":{"start":{"line":70,"column":123},"end":{"line":72,"column":9}},"locations":[{"start":{"line":70,"column":123},"end":{"line":72,"column":9}}]},"21":{"type":"branch","line":72,"loc":{"start":{"line":72,"column":8},"end":{"line":75,"column":39}},"locations":[{"start":{"line":72,"column":8},"end":{"line":75,"column":39}}]},"22":{"type":"branch","line":75,"loc":{"start":{"line":75,"column":35},"end":{"line":75,"column":75}},"locations":[{"start":{"line":75,"column":35},"end":{"line":75,"column":75}}]},"23":{"type":"branch","line":75,"loc":{"start":{"line":75,"column":75},"end":{"line":75,"column":110}},"locations":[{"start":{"line":75,"column":75},"end":{"line":75,"column":110}}]},"24":{"type":"branch","line":75,"loc":{"start":{"line":75,"column":111},"end":{"line":77,"column":9}},"locations":[{"start":{"line":75,"column":111},"end":{"line":77,"column":9}}]},"25":{"type":"branch","line":77,"loc":{"start":{"line":77,"column":8},"end":{"line":80,"column":35}},"locations":[{"start":{"line":77,"column":8},"end":{"line":80,"column":35}}]},"26":{"type":"branch","line":80,"loc":{"start":{"line":80,"column":31},"end":{"line":80,"column":72}},"locations":[{"start":{"line":80,"column":31},"end":{"line":80,"column":72}}]},"27":{"type":"branch","line":80,"loc":{"start":{"line":80,"column":72},"end":{"line":80,"column":91}},"locations":[{"start":{"line":80,"column":72},"end":{"line":80,"column":91}}]},"28":{"type":"branch","line":80,"loc":{"start":{"line":80,"column":92},"end":{"line":82,"column":9}},"locations":[{"start":{"line":80,"column":92},"end":{"line":82,"column":9}}]},"29":{"type":"branch","line":82,"loc":{"start":{"line":82,"column":8},"end":{"line":86,"column":5}},"locations":[{"start":{"line":82,"column":8},"end":{"line":86,"column":5}}]},"30":{"type":"branch","line":47,"loc":{"start":{"line":47,"column":36},"end":{"line":47,"column":74}},"locations":[{"start":{"line":47,"column":36},"end":{"line":47,"column":74}}]},"31":{"type":"branch","line":52,"loc":{"start":{"line":52,"column":82},"end":{"line":52,"column":170}},"locations":[{"start":{"line":52,"column":82},"end":{"line":52,"column":170}}]},"32":{"type":"branch","line":55,"loc":{"start":{"line":55,"column":84},"end":{"line":55,"column":119}},"locations":[{"start":{"line":55,"column":84},"end":{"line":55,"column":119}}]},"33":{"type":"branch","line":65,"loc":{"start":{"line":65,"column":67},"end":{"line":65,"column":102}},"locations":[{"start":{"line":65,"column":67},"end":{"line":65,"column":102}}]},"34":{"type":"branch","line":70,"loc":{"start":{"line":70,"column":68},"end":{"line":70,"column":121}},"locations":[{"start":{"line":70,"column":68},"end":{"line":70,"column":121}}]}},"b":{"0":[5],"1":[5],"2":[1],"3":[4],"4":[1],"5":[3],"6":[1],"7":[2],"8":[15],"9":[5],"10":[10],"11":[7],"12":[5],"13":[10],"14":[4],"15":[6],"16":[2],"17":[1],"18":[5],"19":[4],"20":[1],"21":[4],"22":[0],"23":[0],"24":[0],"25":[4],"26":[3],"27":[1],"28":[0],"29":[4],"30":[19],"31":[7],"32":[7],"33":[1],"34":[3]},"fnMap":{"0":{"name":"analisaRecintos","decl":{"start":{"line":3,"column":4},"end":{"line":5,"column":5}},"loc":{"start":{"line":3,"column":4},"end":{"line":5,"column":5}},"line":3},"1":{"name":"encontrarRecintosViaveis","decl":{"start":{"line":29,"column":0},"end":{"line":96,"column":1}},"loc":{"start":{"line":29,"column":0},"end":{"line":96,"column":1}},"line":29}},"f":{"0":5,"1":5}}
}
