TN:
SF:src\recintos-zoo.js
FN:3,analisaRecintos
FN:29,encontrarRecintosViaveis
FNF:2
FNH:2
FNDA:5,analisaRecintos
FNDA:5,encontrarRecintosViaveis
DA:1,1
DA:2,1
DA:3,1
DA:4,5
DA:5,5
DA:6,1
DA:7,1
DA:8,1
DA:9,1
DA:10,1
DA:11,1
DA:12,1
DA:13,1
DA:14,1
DA:15,1
DA:16,1
DA:17,1
DA:18,1
DA:19,1
DA:20,1
DA:21,1
DA:22,1
DA:23,1
DA:24,1
DA:25,1
DA:26,1
DA:27,1
DA:28,1
DA:29,5
DA:30,5
DA:31,5
DA:32,1
DA:33,1
DA:34,5
DA:35,1
DA:36,1
DA:37,3
DA:38,3
DA:39,3
DA:40,3
DA:41,3
DA:42,3
DA:43,3
DA:44,3
DA:45,3
DA:46,3
DA:47,15
DA:48,5
DA:49,5
DA:50,10
DA:51,10
DA:52,10
DA:53,10
DA:54,10
DA:55,15
DA:56,5
DA:57,5
DA:58,10
DA:59,10
DA:60,15
DA:61,4
DA:62,4
DA:63,6
DA:64,6
DA:65,15
DA:66,1
DA:67,1
DA:68,5
DA:69,5
DA:70,15
DA:71,1
DA:72,1
DA:73,4
DA:74,4
DA:75,15
DA:76,0
DA:77,0
DA:78,4
DA:79,4
DA:80,15
DA:81,0
DA:82,0
DA:83,4
DA:84,4
DA:85,4
DA:86,3
DA:87,3
DA:88,3
DA:89,5
DA:90,1
DA:91,1
DA:92,1
DA:93,1
DA:94,2
DA:95,2
DA:96,2
DA:97,1
DA:98,1
LF:98
LH:94
BRDA:3,0,0,5
BRDA:29,1,0,5
BRDA:31,2,0,1
BRDA:33,3,0,4
BRDA:34,4,0,1
BRDA:36,5,0,3
BRDA:89,6,0,1
BRDA:93,7,0,2
BRDA:46,8,0,15
BRDA:47,9,0,5
BRDA:49,10,0,10
BRDA:55,11,0,7
BRDA:55,12,0,5
BRDA:57,13,0,10
BRDA:60,14,0,4
BRDA:62,15,0,6
BRDA:65,16,0,2
BRDA:65,17,0,1
BRDA:67,18,0,5
BRDA:70,19,0,4
BRDA:70,20,0,1
BRDA:72,21,0,4
BRDA:75,22,0,0
BRDA:75,23,0,0
BRDA:75,24,0,0
BRDA:77,25,0,4
BRDA:80,26,0,3
BRDA:80,27,0,1
BRDA:80,28,0,0
BRDA:82,29,0,4
BRDA:47,30,0,19
BRDA:52,31,0,7
BRDA:55,32,0,7
BRDA:65,33,0,1
BRDA:70,34,0,3
BRF:35
BRH:31
end_of_record
